TN:
SF:D:\Programming\EPAM\25_UnitTesting\HW25_UnitTesting\src\js\app.js
FN:1,myFunction
FNF:1
FNH:1
FNDA:1,myFunction
DA:2,1
DA:3,1
LF:2
LH:2
BRF:0
BRH:0
end_of_record
TN:
SF:D:\Programming\EPAM\25_UnitTesting\HW25_UnitTesting\src\js\sumInfiniteNumbers.js
FN:4,(anonymous_0)
FN:8,(anonymous_1)
FN:12,(anonymous_2)
FN:21,(anonymous_3)
FN:28,(anonymous_4)
FNF:5
FNH:5
FNDA:7,(anonymous_0)
FNDA:6,(anonymous_1)
FNDA:17,(anonymous_2)
FNDA:5,(anonymous_3)
FNDA:74,(anonymous_4)
DA:5,7
DA:9,6
DA:13,17
DA:14,34
DA:16,13
DA:22,5
DA:23,5
DA:24,5
DA:25,5
DA:29,74
DA:30,5
DA:32,69
DA:33,69
DA:34,69
DA:35,69
DA:36,69
LF:16
LH:16
BRDA:14,0,0,13
BRDA:14,0,1,21
BRDA:14,1,0,34
BRDA:14,1,1,27
BRDA:14,1,2,24
BRDA:14,1,3,22
BRDA:28,2,0,5
BRDA:28,3,0,5
BRDA:29,4,0,5
BRDA:29,4,1,69
BRDA:29,5,0,74
BRDA:29,5,1,8
BRDA:29,5,2,5
BRDA:32,6,0,69
BRDA:32,6,1,3
BRDA:33,7,0,69
BRDA:33,7,1,5
BRDA:36,8,0,1
BRDA:36,8,1,68
BRF:19
BRH:19
end_of_record
